Removed Pin From Net: NetName=3V3 Pin=S1-1
Removed Pin From Net: NetName=GND Pin=S1-3
Removed Pin From Net: NetName=3V3 Pin=S2-1
Removed Pin From Net: NetName=GND Pin=S2-3
Change Component Footprint: Designator=S1 Old Footprint=MTS-10x New Footprint=SS12D10
Change Component Footprint: Designator=S2 Old Footprint=MTS-10x New Footprint=SS12D10
Change Component Comment : Designator=S1 Old Comment=MTS-10x New Comment=SW-SPDT
Change Component Comment : Designator=S2 Old Comment=MTS-10x New Comment=SW-SPDT
Change component parameters: Designator = "S1" ("S1"); Footprint = "MTS-10x"; UniqueID = "\ORXWBQOL" ("\ORXWBQOL")
Change component parameters (AddParameter): Name = "Price(RMB)"; Value = "0.000"; VariantName = "[No Variations]"
Change component parameters (AddParameter): Name = "Published"; Value = "24-Mar-1999"; VariantName = "[No Variations]"
Change component parameters (AddParameter): Name = "Publisher"; Value = "Altium Limited"; VariantName = "[No Variations]"
Change component parameters: Designator = "S2" ("S2"); Footprint = "MTS-10x"; UniqueID = "\GLYJJTOU" ("\GLYJJTOU")
Change component parameters (AddParameter): Name = "Price(RMB)"; Value = "0.000"; VariantName = "[No Variations]"
Change component parameters (AddParameter): Name = "Published"; Value = "24-Mar-1999"; VariantName = "[No Variations]"
Change component parameters (AddParameter): Name = "Publisher"; Value = "Altium Limited"; VariantName = "[No Variations]"
Added Pin To Net: NetName=GND Pin=S1-1
Added Pin To Net: NetName=3V3 Pin=S1-3
Added Pin To Net: NetName=GND Pin=S2-1
Added Pin To Net: NetName=3V3 Pin=S2-3
Added Room: Name=Sheet1
