Change Component Designator: OldDesignator=C1 NewDesignator=C3
Change Component Designator: OldDesignator=C2 NewDesignator=C4
Change Component Designator: OldDesignator=C3 NewDesignator=C5
Change Component Designator: OldDesignator=C4 NewDesignator=C6
Change Component Designator: OldDesignator=C5 NewDesignator=C7
Change Component Designator: OldDesignator=C6 NewDesignator=C8
Change Component Designator: OldDesignator=C7 NewDesignator=C9
Change Component Designator: OldDesignator=C8 NewDesignator=C10
Change Component Designator: OldDesignator=C9 NewDesignator=C11
Change Component Designator: OldDesignator=C10 NewDesignator=C12
Change Component Designator: OldDesignator=C11 NewDesignator=C13
Change Component Designator: OldDesignator=C12 NewDesignator=C14
Change Component Designator: OldDesignator=C13 NewDesignator=C15
Change Component Designator: OldDesignator=C14 NewDesignator=C16
Change Component Designator: OldDesignator=C15 NewDesignator=C17
Change Component Designator: OldDesignator=C16 NewDesignator=C18
Change Component Designator: OldDesignator=C17 NewDesignator=C19
Change Component Designator: OldDesignator=C18 NewDesignator=C20
Change Component Designator: OldDesignator=C19 NewDesignator=C21
Change Component Designator: OldDesignator=C20 NewDesignator=C22
Change Component Designator: OldDesignator=C21 NewDesignator=C23
Change Component Designator: OldDesignator=C22 NewDesignator=C24
Change Component Designator: OldDesignator=C23 NewDesignator=C25
Change Component Designator: OldDesignator=C24 NewDesignator=C26
Change Component Designator: OldDesignator=C25 NewDesignator=C27
Change Component Designator: OldDesignator=C26 NewDesignator=C28
Change Component Designator: OldDesignator=C27 NewDesignator=C29
Change Component Designator: OldDesignator=C28 NewDesignator=C30
Change Component Designator: OldDesignator=C29 NewDesignator=C31
Change Component Designator: OldDesignator=C30 NewDesignator=C32
Change Component Designator: OldDesignator=C31 NewDesignator=C33
Change Component Designator: OldDesignator=C32 NewDesignator=C34
Change Component Designator: OldDesignator=C33 NewDesignator=C35
Change Component Designator: OldDesignator=C34 NewDesignator=C36
Change Component Designator: OldDesignator=C35 NewDesignator=C37
Change Component Designator: OldDesignator=C36 NewDesignator=C38
Change Component Designator: OldDesignator=C37 NewDesignator=C39
Change Component Designator: OldDesignator=C38 NewDesignator=C1
Change Component Designator: OldDesignator=C39 NewDesignator=C2
Change Component Designator: OldDesignator=D1 NewDesignator=D2
Change Component Designator: OldDesignator=D2 NewDesignator=D1
Change Component Designator: OldDesignator=D3 NewDesignator=D5
Change Component Designator: OldDesignator=D4 NewDesignator=D6
Change Component Designator: OldDesignator=D5 NewDesignator=D7
Change Component Designator: OldDesignator=D6 NewDesignator=D8
Change Component Designator: OldDesignator=D7 NewDesignator=D9
Change Component Designator: OldDesignator=D8 NewDesignator=D3
Change Component Designator: OldDesignator=D9 NewDesignator=D4
Change Component Designator: OldDesignator=Q1 NewDesignator=Q4
Change Component Designator: OldDesignator=Q2 NewDesignator=Q5
Change Component Designator: OldDesignator=Q3 NewDesignator=Q6
Change Component Designator: OldDesignator=Q4 NewDesignator=Q1
Change Component Designator: OldDesignator=Q5 NewDesignator=Q2
Change Component Designator: OldDesignator=Q6 NewDesignator=Q3
Change Component Designator: OldDesignator=Q7 NewDesignator=Q10
Change Component Designator: OldDesignator=Q8 NewDesignator=Q11
Change Component Designator: OldDesignator=Q9 NewDesignator=Q12
Change Component Designator: OldDesignator=Q10 NewDesignator=Q7
Change Component Designator: OldDesignator=Q11 NewDesignator=Q8
Change Component Designator: OldDesignator=Q12 NewDesignator=Q9
Change Component Designator: OldDesignator=R1 NewDesignator=R9
Change Component Designator: OldDesignator=R2 NewDesignator=R10
Change Component Designator: OldDesignator=R3 NewDesignator=R13
Change Component Designator: OldDesignator=R4 NewDesignator=R14
Change Component Designator: OldDesignator=R5 NewDesignator=R15
Change Component Designator: OldDesignator=R6 NewDesignator=R16
Change Component Designator: OldDesignator=R7 NewDesignator=R17
Change Component Designator: OldDesignator=R8 NewDesignator=R19
Change Component Designator: OldDesignator=R9 NewDesignator=R20
Change Component Designator: OldDesignator=R10 NewDesignator=R22
Change Component Designator: OldDesignator=R11 NewDesignator=R25
Change Component Designator: OldDesignator=R12 NewDesignator=R26
Change Component Designator: OldDesignator=R13 NewDesignator=R27
Change Component Designator: OldDesignator=R14 NewDesignator=R28
Change Component Designator: OldDesignator=R15 NewDesignator=R29
Change Component Designator: OldDesignator=R16 NewDesignator=R30
Change Component Designator: OldDesignator=R17 NewDesignator=R33
Change Component Designator: OldDesignator=R18 NewDesignator=R34
Change Component Designator: OldDesignator=R19 NewDesignator=R36
Change Component Designator: OldDesignator=R20 NewDesignator=R37
Change Component Designator: OldDesignator=R21 NewDesignator=R38
Change Component Designator: OldDesignator=R22 NewDesignator=R39
Change Component Designator: OldDesignator=R23 NewDesignator=R40
Change Component Designator: OldDesignator=R24 NewDesignator=R41
Change Component Designator: OldDesignator=R25 NewDesignator=R42
Change Component Designator: OldDesignator=R26 NewDesignator=R43
Change Component Designator: OldDesignator=R27 NewDesignator=R44
Change Component Designator: OldDesignator=R28 NewDesignator=R45
Change Component Designator: OldDesignator=R29 NewDesignator=R46
Change Component Designator: OldDesignator=R30 NewDesignator=R47
Change Component Designator: OldDesignator=R31 NewDesignator=R48
Change Component Designator: OldDesignator=R32 NewDesignator=R49
Change Component Designator: OldDesignator=R33 NewDesignator=R50
Change Component Designator: OldDesignator=R34 NewDesignator=R51
Change Component Designator: OldDesignator=R35 NewDesignator=R52
Change Component Designator: OldDesignator=R36 NewDesignator=R53
Change Component Designator: OldDesignator=R37 NewDesignator=R54
Change Component Designator: OldDesignator=R38 NewDesignator=R55
Change Component Designator: OldDesignator=R39 NewDesignator=R56
Change Component Designator: OldDesignator=R40 NewDesignator=R57
Change Component Designator: OldDesignator=R41 NewDesignator=R58
Change Component Designator: OldDesignator=R42 NewDesignator=R59
Change Component Designator: OldDesignator=R43 NewDesignator=R60
Change Component Designator: OldDesignator=R44 NewDesignator=R61
Change Component Designator: OldDesignator=R45 NewDesignator=R62
Change Component Designator: OldDesignator=R46 NewDesignator=R63
Change Component Designator: OldDesignator=R47 NewDesignator=R64
Change Component Designator: OldDesignator=R48 NewDesignator=R65
Change Component Designator: OldDesignator=R49 NewDesignator=R66
Change Component Designator: OldDesignator=R50 NewDesignator=R67
Change Component Designator: OldDesignator=R51 NewDesignator=R68
Change Component Designator: OldDesignator=R52 NewDesignator=R69
Change Component Designator: OldDesignator=R53 NewDesignator=R70
Change Component Designator: OldDesignator=R54 NewDesignator=R71
Change Component Designator: OldDesignator=R55 NewDesignator=R72
Change Component Designator: OldDesignator=R56 NewDesignator=R73
Change Component Designator: OldDesignator=R57 NewDesignator=R74
Change Component Designator: OldDesignator=R58 NewDesignator=R75
Change Component Designator: OldDesignator=R59 NewDesignator=R76
Change Component Designator: OldDesignator=R60 NewDesignator=R77
Change Component Designator: OldDesignator=R61 NewDesignator=R78
Change Component Designator: OldDesignator=R62 NewDesignator=R79
Change Component Designator: OldDesignator=R63 NewDesignator=R80
Change Component Designator: OldDesignator=R64 NewDesignator=R81
Change Component Designator: OldDesignator=R65 NewDesignator=R82
Change Component Designator: OldDesignator=R66 NewDesignator=R83
Change Component Designator: OldDesignator=R67 NewDesignator=R84
Change Component Designator: OldDesignator=R68 NewDesignator=R85
Change Component Designator: OldDesignator=R69 NewDesignator=R86
Change Component Designator: OldDesignator=R70 NewDesignator=R87
Change Component Designator: OldDesignator=R71 NewDesignator=R88
Change Component Designator: OldDesignator=R72 NewDesignator=R89
Change Component Designator: OldDesignator=R73 NewDesignator=R90
Change Component Designator: OldDesignator=R74 NewDesignator=R91
Change Component Designator: OldDesignator=R75 NewDesignator=R98
Change Component Designator: OldDesignator=R76 NewDesignator=R99
Change Component Designator: OldDesignator=R77 NewDesignator=R100
Change Component Designator: OldDesignator=R78 NewDesignator=R92
Change Component Designator: OldDesignator=R79 NewDesignator=R93
Change Component Designator: OldDesignator=R80 NewDesignator=R94
Change Component Designator: OldDesignator=R81 NewDesignator=R101
Change Component Designator: OldDesignator=R82 NewDesignator=R102
Change Component Designator: OldDesignator=R83 NewDesignator=R103
Change Component Designator: OldDesignator=R84 NewDesignator=R95
Change Component Designator: OldDesignator=R85 NewDesignator=R96
Change Component Designator: OldDesignator=R86 NewDesignator=R97
Change Component Designator: OldDesignator=R87 NewDesignator=R110
Change Component Designator: OldDesignator=R88 NewDesignator=R111
Change Component Designator: OldDesignator=R89 NewDesignator=R112
Change Component Designator: OldDesignator=R90 NewDesignator=R104
Change Component Designator: OldDesignator=R91 NewDesignator=R105
Change Component Designator: OldDesignator=R92 NewDesignator=R106
Change Component Designator: OldDesignator=R93 NewDesignator=R114
Change Component Designator: OldDesignator=R94 NewDesignator=R115
Change Component Designator: OldDesignator=R95 NewDesignator=R116
Change Component Designator: OldDesignator=R96 NewDesignator=R107
Change Component Designator: OldDesignator=R97 NewDesignator=R108
Change Component Designator: OldDesignator=R98 NewDesignator=R109
Change Component Designator: OldDesignator=R99 NewDesignator=R117
Change Component Designator: OldDesignator=R100 NewDesignator=R113
Change Component Designator: OldDesignator=R101 NewDesignator=R1
Change Component Designator: OldDesignator=R102 NewDesignator=R2
Change Component Designator: OldDesignator=R103 NewDesignator=R3
Change Component Designator: OldDesignator=R104 NewDesignator=R4
Change Component Designator: OldDesignator=R105 NewDesignator=R5
Change Component Designator: OldDesignator=R106 NewDesignator=R6
Change Component Designator: OldDesignator=R107 NewDesignator=R7
Change Component Designator: OldDesignator=R108 NewDesignator=R8
Change Component Designator: OldDesignator=R109 NewDesignator=R11
Change Component Designator: OldDesignator=R110 NewDesignator=R12
Change Component Designator: OldDesignator=R111 NewDesignator=R18
Change Component Designator: OldDesignator=R112 NewDesignator=R21
Change Component Designator: OldDesignator=R113 NewDesignator=R23
Change Component Designator: OldDesignator=R114 NewDesignator=R24
Change Component Designator: OldDesignator=R115 NewDesignator=R31
Change Component Designator: OldDesignator=R116 NewDesignator=R32
Change Component Designator: OldDesignator=R117 NewDesignator=R35
Change Net Name : Old Net Name=NetC4_2 New Net Name=NetC6_2
Change Net Name : Old Net Name=NetC5_2 New Net Name=NetC7_2
Change Net Name : Old Net Name=NetC6_2 New Net Name=NetC8_2
Change Net Name : Old Net Name=NetC11_2 New Net Name=NetC13_2
Change Net Name : Old Net Name=NetC15_1 New Net Name=NetC17_1
Change Net Name : Old Net Name=NetC16_1 New Net Name=NetC18_1
Change Net Name : Old Net Name=NetC16_2 New Net Name=NetC18_2
Change Net Name : Old Net Name=NetC20_1 New Net Name=NetC22_1
Change Net Name : Old Net Name=NetC22_2 New Net Name=NetC24_2
Change Net Name : Old Net Name=NetC25_2 New Net Name=NetC27_2
Change Net Name : Old Net Name=NetC30_2 New Net Name=NetC32_2
Change Net Name : Old Net Name=NetC31_2 New Net Name=NetC33_2
Change Net Name : Old Net Name=NetC32_2 New Net Name=NetC34_2
Change Net Name : Old Net Name=NetC33_2 New Net Name=NetC35_2
Change Net Name : Old Net Name=NetC34_2 New Net Name=NetC36_2
Change Net Name : Old Net Name=NetC35_2 New Net Name=NetC37_2
Change Net Name : Old Net Name=NetD1_1 New Net Name=NetD2_1
Change Net Name : Old Net Name=NetD3_K New Net Name=NetD5_K
Change Net Name : Old Net Name=NetD9_A New Net Name=NetD4_A
Change Net Name : Old Net Name=NetQ1_2 New Net Name=NetQ4_2
Change Net Name : Old Net Name=NetQ2_2 New Net Name=NetQ5_2
Change Net Name : Old Net Name=NetQ3_2 New Net Name=NetQ6_2
Change Net Name : Old Net Name=NetQ4_2 New Net Name=NetQ1_2
Change Net Name : Old Net Name=NetQ5_2 New Net Name=NetQ2_2
Change Net Name : Old Net Name=NetQ6_2 New Net Name=NetQ3_2
Change Net Name : Old Net Name=NetQ7_2 New Net Name=NetQ10_2
Change Net Name : Old Net Name=NetQ8_2 New Net Name=NetQ11_2
Change Net Name : Old Net Name=NetQ9_2 New Net Name=NetQ12_2
Change Net Name : Old Net Name=NetQ10_2 New Net Name=NetQ7_2
Change Net Name : Old Net Name=NetQ11_2 New Net Name=NetQ8_2
Change Net Name : Old Net Name=NetQ12_2 New Net Name=NetQ9_2
Change Net Name : Old Net Name=NetR26_2 New Net Name=NetR43_2
Change Net Name : Old Net Name=NetR37_2 New Net Name=NetR54_2
Change Net Name : Old Net Name=NetR40_2 New Net Name=NetR57_2
Change Net Name : Old Net Name=NetR41_2 New Net Name=NetR58_2
Change Net Name : Old Net Name=NetR48_1 New Net Name=NetR65_1
Change Net Name : Old Net Name=NetR49_1 New Net Name=NetR66_1
Change Net Name : Old Net Name=NetR51_2 New Net Name=NetR68_2
Change Net Name : Old Net Name=NetR52_2 New Net Name=NetR69_2
Change Net Name : Old Net Name=NetR55_2 New Net Name=NetR72_2
Change Net Name : Old Net Name=NetR56_2 New Net Name=NetR73_2
Change Net Name : Old Net Name=NetR59_2 New Net Name=NetR76_2
Change Net Name : Old Net Name=NetR60_2 New Net Name=NetR77_2
Change Net Name : Old Net Name=NetR63_2 New Net Name=NetR80_2
Change Net Name : Old Net Name=NetR64_2 New Net Name=NetR81_2
Change Net Name : Old Net Name=NetR67_2 New Net Name=NetR84_2
Change Net Name : Old Net Name=NetR68_2 New Net Name=NetR85_2
Change Net Name : Old Net Name=NetR71_2 New Net Name=NetR88_2
Change Net Name : Old Net Name=NetR72_2 New Net Name=NetR89_2
Added Room: Name=Sheet1
